<?xml version="1.0" encoding="UTF-8"?>
<testng-results skipped="0" failed="0" ignored="0" total="1" passed="1">
  <reporter-output>
  </reporter-output>
  <suite name="Default suite" duration-ms="18827" started-at="2021-05-05T16:34:12 IST" finished-at="2021-05-05T16:34:31 IST">
    <groups>
      <group name="smoke_test">
        <method signature="TC_11_CreateOrganizationWithAssignedToAndMarkatingGroupTest.createOrganizationWithAssignedToInMarkatingGroup()[pri:0, instance:com.crm.vtiger.OrganizationTest.TC_11_CreateOrganizationWithAssignedToAndMarkatingGroupTest@7a1ebcd8]" name="createOrganizationWithAssignedToInMarkatingGroup" class="com.crm.vtiger.OrganizationTest.TC_11_CreateOrganizationWithAssignedToAndMarkatingGroupTest"/>
      </group> <!-- smoke_test -->
    </groups>
    <test name="Default test" duration-ms="18827" started-at="2021-05-05T16:34:12 IST" finished-at="2021-05-05T16:34:31 IST">
      <class name="com.crm.vtiger.OrganizationTest.TC_11_CreateOrganizationWithAssignedToAndMarkatingGroupTest">
        <test-method status="PASS" signature="configBS()[pri:0, instance:com.crm.vtiger.OrganizationTest.TC_11_CreateOrganizationWithAssignedToAndMarkatingGroupTest@7a1ebcd8]" name="configBS" is-config="true" duration-ms="9" started-at="2021-05-05T16:34:12 IST" finished-at="2021-05-05T16:34:12 IST">
          <reporter-output>
          </reporter-output>
        </test-method> <!-- configBS -->
        <test-method status="PASS" signature="configBT()[pri:0, instance:com.crm.vtiger.OrganizationTest.TC_11_CreateOrganizationWithAssignedToAndMarkatingGroupTest@7a1ebcd8]" name="configBT" is-config="true" duration-ms="1" started-at="2021-05-05T16:34:12 IST" finished-at="2021-05-05T16:34:12 IST">
          <reporter-output>
          </reporter-output>
        </test-method> <!-- configBT -->
        <test-method status="PASS" signature="configBC()[pri:0, instance:com.crm.vtiger.OrganizationTest.TC_11_CreateOrganizationWithAssignedToAndMarkatingGroupTest@7a1ebcd8]" name="configBC" is-config="true" duration-ms="1794" started-at="2021-05-05T16:34:12 IST" finished-at="2021-05-05T16:34:14 IST">
          <reporter-output>
          </reporter-output>
        </test-method> <!-- configBC -->
        <test-method status="PASS" signature="setUp()[pri:0, instance:com.crm.vtiger.OrganizationTest.TC_11_CreateOrganizationWithAssignedToAndMarkatingGroupTest@7a1ebcd8]" name="setUp" is-config="true" duration-ms="3441" started-at="2021-05-05T16:34:14 IST" finished-at="2021-05-05T16:34:17 IST">
          <reporter-output>
          </reporter-output>
        </test-method> <!-- setUp -->
        <test-method status="PASS" signature="createOrganizationWithAssignedToInMarkatingGroup()[pri:0, instance:com.crm.vtiger.OrganizationTest.TC_11_CreateOrganizationWithAssignedToAndMarkatingGroupTest@7a1ebcd8]" name="createOrganizationWithAssignedToInMarkatingGroup" duration-ms="7260" started-at="2021-05-05T16:34:17 IST" finished-at="2021-05-05T16:34:24 IST">
          <reporter-output>
          </reporter-output>
        </test-method> <!-- createOrganizationWithAssignedToInMarkatingGroup -->
        <test-method status="PASS" signature="testDown()[pri:0, instance:com.crm.vtiger.OrganizationTest.TC_11_CreateOrganizationWithAssignedToAndMarkatingGroupTest@7a1ebcd8]" name="testDown" is-config="true" duration-ms="6218" started-at="2021-05-05T16:34:24 IST" finished-at="2021-05-05T16:34:31 IST">
          <reporter-output>
          </reporter-output>
        </test-method> <!-- testDown -->
        <test-method status="PASS" signature="ConfigAC()[pri:0, instance:com.crm.vtiger.OrganizationTest.TC_11_CreateOrganizationWithAssignedToAndMarkatingGroupTest@7a1ebcd8]" name="ConfigAC" is-config="true" duration-ms="82" started-at="2021-05-05T16:34:31 IST" finished-at="2021-05-05T16:34:31 IST">
          <reporter-output>
          </reporter-output>
        </test-method> <!-- ConfigAC -->
        <test-method status="PASS" signature="ConfigAT()[pri:0, instance:com.crm.vtiger.OrganizationTest.TC_11_CreateOrganizationWithAssignedToAndMarkatingGroupTest@7a1ebcd8]" name="ConfigAT" is-config="true" duration-ms="0" started-at="2021-05-05T16:34:31 IST" finished-at="2021-05-05T16:34:31 IST">
          <reporter-output>
          </reporter-output>
        </test-method> <!-- ConfigAT -->
        <test-method status="PASS" signature="configAS()[pri:0, instance:com.crm.vtiger.OrganizationTest.TC_11_CreateOrganizationWithAssignedToAndMarkatingGroupTest@7a1ebcd8]" name="configAS" is-config="true" duration-ms="1" started-at="2021-05-05T16:34:31 IST" finished-at="2021-05-05T16:34:31 IST">
          <reporter-output>
          </reporter-output>
        </test-method> <!-- configAS -->
      </class> <!-- com.crm.vtiger.OrganizationTest.TC_11_CreateOrganizationWithAssignedToAndMarkatingGroupTest -->
    </test> <!-- Default test -->
  </suite> <!-- Default suite -->
</testng-results>
