<?xml version="1.0" encoding="UTF-8"?>
<!-- Generated by org.testng.reporters.JUnitXMLReporter -->
<testsuite hostname="DESKTOP-N5FL77D" ignored="8" name="Test1" tests="5" failures="0" timestamp="2021-05-04T12:19:33 IST" time="70.863" errors="0">
  <testcase name="createOrganizationWithRating" time="11.395" classname="com.crm.vtiger.script1.TC_12_CreateOrganizationWithRatingTest"/>
  <testcase name="createOrganizationWithNotifyOwner" time="9.275" classname="com.crm.vtiger.script1.TC_14_CreateOrganizationWithNotifyOwnerTest"/>
  <testcase name="createOrganizationWithAssignedToInMarkatingGroup" time="11.872" classname="com.crm.vtiger.script1.TC_11_CreateOrganizationWithAssignedToAndMarkatingGroupTest"/>
  <testcase name="createOrganizationToCheckWetherNotifyOwnerRadioButtonIsEnabledOrNot" time="9.914" classname="com.crm.vtiger.script1.TC_15_CreateOrganizationToCheckWetherNotifyOwnerRadioButtonIsEnabledOrNotTest"/>
  <testcase name="createOrganizationWithRatingIsWorkingOrNot" time="7.775" classname="com.crm.vtiger.script1.TC_13_CreateOrganizationWithRatingIsWorkingOrNotTest"/>
  <testcase name="@BeforeSuite configBS" time="0.0" classname="com.crm.vtiger.GerericUtils.BaseClass">
    <ignored/>
  </testcase> <!-- @BeforeSuite configBS -->
  <testcase name="@BeforeSuite configBS" time="0.0" classname="com.crm.vtiger.GerericUtils.BaseClass">
    <ignored/>
  </testcase> <!-- @BeforeSuite configBS -->
  <testcase name="@BeforeTest configBT" time="0.0" classname="com.crm.vtiger.GerericUtils.BaseClass">
    <ignored/>
  </testcase> <!-- @BeforeTest configBT -->
  <testcase name="@BeforeTest configBT" time="0.0" classname="com.crm.vtiger.GerericUtils.BaseClass">
    <ignored/>
  </testcase> <!-- @BeforeTest configBT -->
  <testcase name="@AfterSuite configAS" time="0.0" classname="com.crm.vtiger.GerericUtils.BaseClass">
    <ignored/>
  </testcase> <!-- @AfterSuite configAS -->
  <testcase name="@AfterSuite configAS" time="0.0" classname="com.crm.vtiger.GerericUtils.BaseClass">
    <ignored/>
  </testcase> <!-- @AfterSuite configAS -->
  <testcase name="@AfterTest ConfigAT" time="0.0" classname="com.crm.vtiger.GerericUtils.BaseClass">
    <ignored/>
  </testcase> <!-- @AfterTest ConfigAT -->
  <testcase name="@AfterTest ConfigAT" time="0.0" classname="com.crm.vtiger.GerericUtils.BaseClass">
    <ignored/>
  </testcase> <!-- @AfterTest ConfigAT -->
</testsuite> <!-- Test1 -->
