<?xml version="1.0" encoding="UTF-8"?>
<!-- Generated by org.testng.reporters.JUnitXMLReporter -->
<testsuite hostname="DESKTOP-N5FL77D" ignored="1" tests="0" failures="0" timestamp="2021-05-04T22:18:58 IST" time="0.007" errors="0">
  <testcase name="createOrganizationWithAssignedToInMarkatingGroup" time="0.0" classname="com.crm.vtiger.script1.TC_11_CreateOrganizationWithAssignedToAndMarkatingGroupTest">
    <ignored/>
  </testcase> <!-- createOrganizationWithAssignedToInMarkatingGroup -->
</testsuite>
